
**** Clean-only build of configuration Debug for project LAB7 ****

D:\develop\MSP430\ccsv5\utils\bin\gmake -k clean 
DEL /F  "LAB7.out"
找不到 D:\develop\MSP430\test\LAB7\Debug\LAB7.out
DEL /F "LAB7main.pp" "lab7.pp" "system_pre_init.pp" "UserExperienceDemo\mouse.pp" "USB\USB_config\UsbIsr.pp" "USB\USB_config\descriptors.pp" "USB\USB_User\UsbMscUser.pp" "USB\USB_User\usbConstructs.pp" "USB\USB_User\usb_eventHandling.pp" 
DEL /F "LAB7main.obj" "lab7.obj" "system_pre_init.obj" "UserExperienceDemo\mouse.obj" "USB\USB_config\UsbIsr.obj" "USB\USB_config\descriptors.obj" "USB\USB_User\UsbMscUser.obj" "USB\USB_User\usbConstructs.obj" "USB\USB_User\usb_eventHandling.obj" 
找不到 D:\develop\MSP430\test\LAB7\Debug\LAB7main.obj
找不到 D:\develop\MSP430\test\LAB7\Debug\UserExperienceDemo\mouse.obj
找不到 D:\develop\MSP430\test\LAB7\Debug\USB\USB_config\UsbIsr.obj
找不到 D:\develop\MSP430\test\LAB7\Debug\USB\USB_User\UsbMscUser.obj
'Finished clean'
' '

**** Build Finished ****

**** Build of configuration Debug for project LAB7 ****

D:\develop\MSP430\ccsv5\utils\bin\gmake -k all 
'Building file: ../LAB7main.c'
'Invoking: MSP430 Compiler'
"D:/develop/MSP430/ccsv5/tools/compiler/msp430/bin/cl430" -vmspx --abi=coffabi -O0 -g --include_path="D:/develop/MSP430/ccsv5/ccs_base/msp430/include" --include_path="D:/develop/MSP430/ccsv5/tools/compiler/msp430/include" --include_path="D:/develop/MSP430/test/LAB7/F5xx_F6xx_Core_Lib" --include_path="D:/develop/MSP430/test/LAB7/MSP-EXP430F5529_HAL" --include_path="D:/develop/MSP430/test/LAB7/FatFs" --include_path="D:/develop/MSP430/test/LAB7/CTS" --include_path="D:/develop/MSP430/test/LAB7/USB" --include_path="D:/develop/MSP430/test/LAB7/USB/USB_API/USB_CDC_API" --include_path="D:/develop/MSP430/test/LAB7/USB/USB_API/USB_Common" --include_path="D:/develop/MSP430/test/LAB7/USB/USB_API/USB_HID_API" --include_path="D:/develop/MSP430/test/LAB7/USB/USB_User" --include_path="D:/develop/MSP430/test/LAB7/USB/USB_API" --include_path="D:/develop/MSP430/test/LAB7/USB/USB_config" --include_path="D:/develop/MSP430/test/LAB7/UserExperienceDemo" --include_path="D:/develop/MSP430/test/LAB7/UserExperienceDemo/Puzzle" --gcc --define=__MSP430F5529__ --diag_warning=225 --display_error_number --silicon_errata=CPU21 --silicon_errata=CPU22 --silicon_errata=CPU23 --silicon_errata=CPU40 --large_memory_model --printf_support=minimal --preproc_with_compile --preproc_dependency="LAB7main.pp"  "../LAB7main.c"
'Finished building: ../LAB7main.c'
' '
'Building file: ../lab7.c'
'Invoking: MSP430 Compiler'
"D:/develop/MSP430/ccsv5/tools/compiler/msp430/bin/cl430" -vmspx --abi=coffabi -O0 -g --include_path="D:/develop/MSP430/ccsv5/ccs_base/msp430/include" --include_path="D:/develop/MSP430/ccsv5/tools/compiler/msp430/include" --include_path="D:/develop/MSP430/test/LAB7/F5xx_F6xx_Core_Lib" --include_path="D:/develop/MSP430/test/LAB7/MSP-EXP430F5529_HAL" --include_path="D:/develop/MSP430/test/LAB7/FatFs" --include_path="D:/develop/MSP430/test/LAB7/CTS" --include_path="D:/develop/MSP430/test/LAB7/USB" --include_path="D:/develop/MSP430/test/LAB7/USB/USB_API/USB_CDC_API" --include_path="D:/develop/MSP430/test/LAB7/USB/USB_API/USB_Common" --include_path="D:/develop/MSP430/test/LAB7/USB/USB_API/USB_HID_API" --include_path="D:/develop/MSP430/test/LAB7/USB/USB_User" --include_path="D:/develop/MSP430/test/LAB7/USB/USB_API" --include_path="D:/develop/MSP430/test/LAB7/USB/USB_config" --include_path="D:/develop/MSP430/test/LAB7/UserExperienceDemo" --include_path="D:/develop/MSP430/test/LAB7/UserExperienceDemo/Puzzle" --gcc --define=__MSP430F5529__ --diag_warning=225 --display_error_number --silicon_errata=CPU21 --silicon_errata=CPU22 --silicon_errata=CPU23 --silicon_errata=CPU40 --large_memory_model --printf_support=minimal --preproc_with_compile --preproc_dependency="lab7.pp"  "../lab7.c"
"../lab7.c", line 390: warning #179-D: variable "dir" was declared but never referenced
"../lab7.c", line 391: warning #179-D: variable "mineoffset" was declared but never referenced
'Finished building: ../lab7.c'
' '
'Building file: ../system_pre_init.c'
'Invoking: MSP430 Compiler'
"D:/develop/MSP430/ccsv5/tools/compiler/msp430/bin/cl430" -vmspx --abi=coffabi -O0 -g --include_path="D:/develop/MSP430/ccsv5/ccs_base/msp430/include" --include_path="D:/develop/MSP430/ccsv5/tools/compiler/msp430/include" --include_path="D:/develop/MSP430/test/LAB7/F5xx_F6xx_Core_Lib" --include_path="D:/develop/MSP430/test/LAB7/MSP-EXP430F5529_HAL" --include_path="D:/develop/MSP430/test/LAB7/FatFs" --include_path="D:/develop/MSP430/test/LAB7/CTS" --include_path="D:/develop/MSP430/test/LAB7/USB" --include_path="D:/develop/MSP430/test/LAB7/USB/USB_API/USB_CDC_API" --include_path="D:/develop/MSP430/test/LAB7/USB/USB_API/USB_Common" --include_path="D:/develop/MSP430/test/LAB7/USB/USB_API/USB_HID_API" --include_path="D:/develop/MSP430/test/LAB7/USB/USB_User" --include_path="D:/develop/MSP430/test/LAB7/USB/USB_API" --include_path="D:/develop/MSP430/test/LAB7/USB/USB_config" --include_path="D:/develop/MSP430/test/LAB7/UserExperienceDemo" --include_path="D:/develop/MSP430/test/LAB7/UserExperienceDemo/Puzzle" --gcc --define=__MSP430F5529__ --diag_warning=225 --display_error_number --silicon_errata=CPU21 --silicon_errata=CPU22 --silicon_errata=CPU23 --silicon_errata=CPU40 --large_memory_model --printf_support=minimal --preproc_with_compile --preproc_dependency="system_pre_init.pp"  "../system_pre_init.c"
'Finished building: ../system_pre_init.c'
' '
'Building file: ../UserExperienceDemo/mouse.c'
'Invoking: MSP430 Compiler'
"D:/develop/MSP430/ccsv5/tools/compiler/msp430/bin/cl430" -vmspx --abi=coffabi -O0 -g --include_path="D:/develop/MSP430/ccsv5/ccs_base/msp430/include" --include_path="D:/develop/MSP430/ccsv5/tools/compiler/msp430/include" --include_path="D:/develop/MSP430/test/LAB7/F5xx_F6xx_Core_Lib" --include_path="D:/develop/MSP430/test/LAB7/MSP-EXP430F5529_HAL" --include_path="D:/develop/MSP430/test/LAB7/FatFs" --include_path="D:/develop/MSP430/test/LAB7/CTS" --include_path="D:/develop/MSP430/test/LAB7/USB" --include_path="D:/develop/MSP430/test/LAB7/USB/USB_API/USB_CDC_API" --include_path="D:/develop/MSP430/test/LAB7/USB/USB_API/USB_Common" --include_path="D:/develop/MSP430/test/LAB7/USB/USB_API/USB_HID_API" --include_path="D:/develop/MSP430/test/LAB7/USB/USB_User" --include_path="D:/develop/MSP430/test/LAB7/USB/USB_API" --include_path="D:/develop/MSP430/test/LAB7/USB/USB_config" --include_path="D:/develop/MSP430/test/LAB7/UserExperienceDemo" --include_path="D:/develop/MSP430/test/LAB7/UserExperienceDemo/Puzzle" --gcc --define=__MSP430F5529__ --diag_warning=225 --display_error_number --silicon_errata=CPU21 --silicon_errata=CPU22 --silicon_errata=CPU23 --silicon_errata=CPU40 --large_memory_model --printf_support=minimal --preproc_with_compile --preproc_dependency="UserExperienceDemo/mouse.pp" --obj_directory="UserExperienceDemo"  "../UserExperienceDemo/mouse.c"
'Finished building: ../UserExperienceDemo/mouse.c'
' '
'Building file: ../USB/USB_config/UsbIsr.c'
'Invoking: MSP430 Compiler'
"D:/develop/MSP430/ccsv5/tools/compiler/msp430/bin/cl430" -vmspx --abi=coffabi -O0 -g --include_path="D:/develop/MSP430/ccsv5/ccs_base/msp430/include" --include_path="D:/develop/MSP430/ccsv5/tools/compiler/msp430/include" --include_path="D:/develop/MSP430/test/LAB7/F5xx_F6xx_Core_Lib" --include_path="D:/develop/MSP430/test/LAB7/MSP-EXP430F5529_HAL" --include_path="D:/develop/MSP430/test/LAB7/FatFs" --include_path="D:/develop/MSP430/test/LAB7/CTS" --include_path="D:/develop/MSP430/test/LAB7/USB" --include_path="D:/develop/MSP430/test/LAB7/USB/USB_API/USB_CDC_API" --include_path="D:/develop/MSP430/test/LAB7/USB/USB_API/USB_Common" --include_path="D:/develop/MSP430/test/LAB7/USB/USB_API/USB_HID_API" --include_path="D:/develop/MSP430/test/LAB7/USB/USB_User" --include_path="D:/develop/MSP430/test/LAB7/USB/USB_API" --include_path="D:/develop/MSP430/test/LAB7/USB/USB_config" --include_path="D:/develop/MSP430/test/LAB7/UserExperienceDemo" --include_path="D:/develop/MSP430/test/LAB7/UserExperienceDemo/Puzzle" --gcc --define=__MSP430F5529__ --diag_warning=225 --display_error_number --silicon_errata=CPU21 --silicon_errata=CPU22 --silicon_errata=CPU23 --silicon_errata=CPU40 --large_memory_model --printf_support=minimal --preproc_with_compile --preproc_dependency="USB/USB_config/UsbIsr.pp" --obj_directory="USB/USB_config"  "../USB/USB_config/UsbIsr.c"
'Finished building: ../USB/USB_config/UsbIsr.c'
' '
'Building file: ../USB/USB_config/descriptors.c'
'Invoking: MSP430 Compiler'
"D:/develop/MSP430/ccsv5/tools/compiler/msp430/bin/cl430" -vmspx --abi=coffabi -O0 -g --include_path="D:/develop/MSP430/ccsv5/ccs_base/msp430/include" --include_path="D:/develop/MSP430/ccsv5/tools/compiler/msp430/include" --include_path="D:/develop/MSP430/test/LAB7/F5xx_F6xx_Core_Lib" --include_path="D:/develop/MSP430/test/LAB7/MSP-EXP430F5529_HAL" --include_path="D:/develop/MSP430/test/LAB7/FatFs" --include_path="D:/develop/MSP430/test/LAB7/CTS" --include_path="D:/develop/MSP430/test/LAB7/USB" --include_path="D:/develop/MSP430/test/LAB7/USB/USB_API/USB_CDC_API" --include_path="D:/develop/MSP430/test/LAB7/USB/USB_API/USB_Common" --include_path="D:/develop/MSP430/test/LAB7/USB/USB_API/USB_HID_API" --include_path="D:/develop/MSP430/test/LAB7/USB/USB_User" --include_path="D:/develop/MSP430/test/LAB7/USB/USB_API" --include_path="D:/develop/MSP430/test/LAB7/USB/USB_config" --include_path="D:/develop/MSP430/test/LAB7/UserExperienceDemo" --include_path="D:/develop/MSP430/test/LAB7/UserExperienceDemo/Puzzle" --gcc --define=__MSP430F5529__ --diag_warning=225 --display_error_number --silicon_errata=CPU21 --silicon_errata=CPU22 --silicon_errata=CPU23 --silicon_errata=CPU40 --large_memory_model --printf_support=minimal --preproc_with_compile --preproc_dependency="USB/USB_config/descriptors.pp" --obj_directory="USB/USB_config"  "../USB/USB_config/descriptors.c"
'Finished building: ../USB/USB_config/descriptors.c'
' '
'Building file: ../USB/USB_User/UsbMscUser.c'
'Invoking: MSP430 Compiler'
"D:/develop/MSP430/ccsv5/tools/compiler/msp430/bin/cl430" -vmspx --abi=coffabi -O0 -g --include_path="D:/develop/MSP430/ccsv5/ccs_base/msp430/include" --include_path="D:/develop/MSP430/ccsv5/tools/compiler/msp430/include" --include_path="D:/develop/MSP430/test/LAB7/F5xx_F6xx_Core_Lib" --include_path="D:/develop/MSP430/test/LAB7/MSP-EXP430F5529_HAL" --include_path="D:/develop/MSP430/test/LAB7/FatFs" --include_path="D:/develop/MSP430/test/LAB7/CTS" --include_path="D:/develop/MSP430/test/LAB7/USB" --include_path="D:/develop/MSP430/test/LAB7/USB/USB_API/USB_CDC_API" --include_path="D:/develop/MSP430/test/LAB7/USB/USB_API/USB_Common" --include_path="D:/develop/MSP430/test/LAB7/USB/USB_API/USB_HID_API" --include_path="D:/develop/MSP430/test/LAB7/USB/USB_User" --include_path="D:/develop/MSP430/test/LAB7/USB/USB_API" --include_path="D:/develop/MSP430/test/LAB7/USB/USB_config" --include_path="D:/develop/MSP430/test/LAB7/UserExperienceDemo" --include_path="D:/develop/MSP430/test/LAB7/UserExperienceDemo/Puzzle" --gcc --define=__MSP430F5529__ --diag_warning=225 --display_error_number --silicon_errata=CPU21 --silicon_errata=CPU22 --silicon_errata=CPU23 --silicon_errata=CPU40 --large_memory_model --printf_support=minimal --preproc_with_compile --preproc_dependency="USB/USB_User/UsbMscUser.pp" --obj_directory="USB/USB_User"  "../USB/USB_User/UsbMscUser.c"
'Finished building: ../USB/USB_User/UsbMscUser.c'
' '
'Building file: ../USB/USB_User/usbConstructs.c'
'Invoking: MSP430 Compiler'
"D:/develop/MSP430/ccsv5/tools/compiler/msp430/bin/cl430" -vmspx --abi=coffabi -O0 -g --include_path="D:/develop/MSP430/ccsv5/ccs_base/msp430/include" --include_path="D:/develop/MSP430/ccsv5/tools/compiler/msp430/include" --include_path="D:/develop/MSP430/test/LAB7/F5xx_F6xx_Core_Lib" --include_path="D:/develop/MSP430/test/LAB7/MSP-EXP430F5529_HAL" --include_path="D:/develop/MSP430/test/LAB7/FatFs" --include_path="D:/develop/MSP430/test/LAB7/CTS" --include_path="D:/develop/MSP430/test/LAB7/USB" --include_path="D:/develop/MSP430/test/LAB7/USB/USB_API/USB_CDC_API" --include_path="D:/develop/MSP430/test/LAB7/USB/USB_API/USB_Common" --include_path="D:/develop/MSP430/test/LAB7/USB/USB_API/USB_HID_API" --include_path="D:/develop/MSP430/test/LAB7/USB/USB_User" --include_path="D:/develop/MSP430/test/LAB7/USB/USB_API" --include_path="D:/develop/MSP430/test/LAB7/USB/USB_config" --include_path="D:/develop/MSP430/test/LAB7/UserExperienceDemo" --include_path="D:/develop/MSP430/test/LAB7/UserExperienceDemo/Puzzle" --gcc --define=__MSP430F5529__ --diag_warning=225 --display_error_number --silicon_errata=CPU21 --silicon_errata=CPU22 --silicon_errata=CPU23 --silicon_errata=CPU40 --large_memory_model --printf_support=minimal --preproc_with_compile --preproc_dependency="USB/USB_User/usbConstructs.pp" --obj_directory="USB/USB_User"  "../USB/USB_User/usbConstructs.c"
'Finished building: ../USB/USB_User/usbConstructs.c'
' '
'Building file: ../USB/USB_User/usb_eventHandling.c'
'Invoking: MSP430 Compiler'
"D:/develop/MSP430/ccsv5/tools/compiler/msp430/bin/cl430" -vmspx --abi=coffabi -O0 -g --include_path="D:/develop/MSP430/ccsv5/ccs_base/msp430/include" --include_path="D:/develop/MSP430/ccsv5/tools/compiler/msp430/include" --include_path="D:/develop/MSP430/test/LAB7/F5xx_F6xx_Core_Lib" --include_path="D:/develop/MSP430/test/LAB7/MSP-EXP430F5529_HAL" --include_path="D:/develop/MSP430/test/LAB7/FatFs" --include_path="D:/develop/MSP430/test/LAB7/CTS" --include_path="D:/develop/MSP430/test/LAB7/USB" --include_path="D:/develop/MSP430/test/LAB7/USB/USB_API/USB_CDC_API" --include_path="D:/develop/MSP430/test/LAB7/USB/USB_API/USB_Common" --include_path="D:/develop/MSP430/test/LAB7/USB/USB_API/USB_HID_API" --include_path="D:/develop/MSP430/test/LAB7/USB/USB_User" --include_path="D:/develop/MSP430/test/LAB7/USB/USB_API" --include_path="D:/develop/MSP430/test/LAB7/USB/USB_config" --include_path="D:/develop/MSP430/test/LAB7/UserExperienceDemo" --include_path="D:/develop/MSP430/test/LAB7/UserExperienceDemo/Puzzle" --gcc --define=__MSP430F5529__ --diag_warning=225 --display_error_number --silicon_errata=CPU21 --silicon_errata=CPU22 --silicon_errata=CPU23 --silicon_errata=CPU40 --large_memory_model --printf_support=minimal --preproc_with_compile --preproc_dependency="USB/USB_User/usb_eventHandling.pp" --obj_directory="USB/USB_User"  "../USB/USB_User/usb_eventHandling.c"
'Finished building: ../USB/USB_User/usb_eventHandling.c'
' '
'Building target: LAB7.out'
'Invoking: MSP430 Linker'
"D:/develop/MSP430/ccsv5/tools/compiler/msp430/bin/cl430" -vmspx --abi=coffabi -O0 -g --gcc --define=__MSP430F5529__ --diag_warning=225 --display_error_number --silicon_errata=CPU21 --silicon_errata=CPU22 --silicon_errata=CPU23 --silicon_errata=CPU40 --large_memory_model --printf_support=minimal -z -m"LAB7.map" --stack_size=160 --heap_size=160 --use_hw_mpy=F5 -i"D:/develop/MSP430/ccsv5/ccs_base/msp430/include" -i"D:/develop/MSP430/ccsv5/tools/compiler/msp430/lib" -i"D:/develop/MSP430/ccsv5/tools/compiler/msp430/include" --reread_libs --warn_sections --undef_sym=iUsbInterruptHandler --rom_model -o "LAB7.out"  "./USB/USB_User/usb_eventHandling.obj" "./USB/USB_User/usbConstructs.obj" "./USB/USB_User/UsbMscUser.obj" "./USB/USB_config/descriptors.obj" "./USB/USB_config/UsbIsr.obj" "./UserExperienceDemo/mouse.obj" "./system_pre_init.obj" "./lab7.obj" "./LAB7main.obj" -l"libc.a" "../MSP-EXP430F5529_UE.lib" "../rts430xl.lib" 
<Linking>
warning #10247-D: creating output section ".int42" without a SECTIONS
   specification
warning #10247-D: creating output section ".int44" without a SECTIONS
   specification
warning #10247-D: creating output section ".int47" without a SECTIONS
   specification
warning #10247-D: creating output section ".int51" without a SECTIONS
   specification
warning #10247-D: creating output section ".int54" without a SECTIONS
   specification
warning #10247-D: creating output section ".int57" without a SECTIONS
   specification
warning #10247-D: creating output section ".int61" without a SECTIONS
   specification
warning #10247-D: creating output section ".stack" without a SECTIONS
   specification

 undefined                      first referenced                                 
  symbol                            in file                                      
 ---------                      ----------------                                 
 ADC12CTL0                      ../MSP-EXP430F5529_UE.lib<HAL_Wheel.obj>         
 ADC12CTL1                      ../MSP-EXP430F5529_UE.lib<HAL_Wheel.obj>         
 ADC12IE                        ../MSP-EXP430F5529_UE.lib<HAL_Wheel.obj>         
 ADC12IV                        ../MSP-EXP430F5529_UE.lib<HAL_Wheel.obj>         
 ADC12MCTL0                     ../MSP-EXP430F5529_UE.lib<HAL_Wheel.obj>         
 ADC12MEM0                      ../MSP-EXP430F5529_UE.lib<HAL_Wheel.obj>         
 DMA0CTL                        ../MSP-EXP430F5529_UE.lib<dma.obj>               
 DMA0DA                         ../MSP-EXP430F5529_UE.lib<dma.obj>               
 DMA0SA                         ../MSP-EXP430F5529_UE.lib<dma.obj>               
 DMA0SZ                         ../MSP-EXP430F5529_UE.lib<dma.obj>               
 DMACTL0                        ../MSP-EXP430F5529_UE.lib<dma.obj>               
 DMACTL4                        ../MSP-EXP430F5529_UE.lib<dma.obj>               
 P1IV                           ../MSP-EXP430F5529_UE.lib<HAL_Buttons.obj>       
 P2IV                           ../MSP-EXP430F5529_UE.lib<HAL_Buttons.obj>       
 PADIR                          ../MSP-EXP430F5529_UE.lib<HAL_Board.obj>         
 PADIR_H                        ../MSP-EXP430F5529_UE.lib<HAL_Cma3000.obj>       
 PADIR_L                        ../MSP-EXP430F5529_UE.lib<HAL_Board.obj>         
 PAIE                           ../MSP-EXP430F5529_UE.lib<HAL_Buttons.obj>       
 PAIES                          ../MSP-EXP430F5529_UE.lib<HAL_Buttons.obj>       
 PAIES_H                        ../MSP-EXP430F5529_UE.lib<HAL_Cma3000.obj>       
 PAIE_H                         ../MSP-EXP430F5529_UE.lib<HAL_Cma3000.obj>       
 PAIFG                          ../MSP-EXP430F5529_UE.lib<HAL_Buttons.obj>       
 PAIFG_H                        ../MSP-EXP430F5529_UE.lib<HAL_Cma3000.obj>       
 PAIN_H                         ../MSP-EXP430F5529_UE.lib<HAL_Cma3000.obj>       
 PAOUT                          ../MSP-EXP430F5529_UE.lib<HAL_Buttons.obj>       
 PAOUT_H                        ../MSP-EXP430F5529_UE.lib<HAL_Board.obj>         
 PAOUT_L                        ../MSP-EXP430F5529_UE.lib<HAL_Board.obj>         
 PAREN                          ../MSP-EXP430F5529_UE.lib<HAL_Buttons.obj>       
 PASEL                          ../MSP-EXP430F5529_UE.lib<HAL_Buttons.obj>       
 PASEL_H                        ../MSP-EXP430F5529_UE.lib<HAL_Cma3000.obj>       
 PBDIR_H                        ../MSP-EXP430F5529_UE.lib<HAL_Dogs102x6.obj>     
 PBDIR_L                        ../MSP-EXP430F5529_UE.lib<HAL_Cma3000.obj>       
 PBOUT_H                        ../MSP-EXP430F5529_UE.lib<HAL_Board.obj>         
 PBOUT_L                        ../MSP-EXP430F5529_UE.lib<HAL_Cma3000.obj>       
 PBREN_H                        ../MSP-EXP430F5529_UE.lib<HAL_SDCard.obj>        
 PBSEL_H                        ../MSP-EXP430F5529_UE.lib<HAL_Dogs102x6.obj>     
 PBSEL_L                        ../MSP-EXP430F5529_UE.lib<HAL_Cma3000.obj>       
 PCDIR_H                        ../MSP-EXP430F5529_UE.lib<HAL_Board.obj>         
 PCDIR_L                        ../MSP-EXP430F5529_UE.lib<HAL_Dogs102x6.obj>     
 PCOUT_H                        ../MSP-EXP430F5529_UE.lib<HAL_Board.obj>         
 PCOUT_L                        ../MSP-EXP430F5529_UE.lib<HAL_Dogs102x6.obj>     
 PCSEL_H                        ../MSP-EXP430F5529_UE.lib<HAL_Wheel.obj>         
 PCSEL_L                        ../MSP-EXP430F5529_UE.lib<HAL_Board.obj>         
 PDDIR_H                        ../MSP-EXP430F5529_UE.lib<HAL_Wheel.obj>         
 PDDIR_L                        ../MSP-EXP430F5529_UE.lib<HAL_Dogs102x6.obj>     
 PDOUT_H                        ../MSP-EXP430F5529_UE.lib<HAL_Wheel.obj>         
 PDOUT_L                        ../MSP-EXP430F5529_UE.lib<HAL_Dogs102x6.obj>     
 PDSEL_L                        ../MSP-EXP430F5529_UE.lib<HAL_Dogs102x6.obj>     
 PMMCTL0                        ../MSP-EXP430F5529_UE.lib<HAL_PMM.obj>           
 PMMCTL0_H                      ../MSP-EXP430F5529_UE.lib<HAL_PMM.obj>           
 PMMCTL0_L                      ../MSP-EXP430F5529_UE.lib<HAL_PMM.obj>           
 PMMIFG                         ../MSP-EXP430F5529_UE.lib<HAL_PMM.obj>           
 PMMRIE                         ../MSP-EXP430F5529_UE.lib<HAL_PMM.obj>           
 SFRIE1                         ./UserExperienceDemo/mouse.obj                   
 SFRIFG1                        ./lab7.obj                                       
 SVSMHCTL                       ../MSP-EXP430F5529_UE.lib<HAL_PMM.obj>           
 SVSMLCTL                       ../MSP-EXP430F5529_UE.lib<HAL_PMM.obj>           
 SYSBERRIV                      ./lab7.obj                                       
 SYSUNIV                        ./lab7.obj                                       
 TA2CCR0                        ./UserExperienceDemo/mouse.obj                   
 TA2CCTL0                       ./UserExperienceDemo/mouse.obj                   
 TA2CTL                         ./UserExperienceDemo/mouse.obj                   
 TB0CCR0                        ../MSP-EXP430F5529_UE.lib<HAL_Dogs102x6.obj>     
 TB0CCR4                        ../MSP-EXP430F5529_UE.lib<HAL_Dogs102x6.obj>     
 TB0CCTL4                       ../MSP-EXP430F5529_UE.lib<HAL_Dogs102x6.obj>     
 TB0CTL                         ../MSP-EXP430F5529_UE.lib<HAL_Dogs102x6.obj>     
 UCA0BRW_H                      ../MSP-EXP430F5529_UE.lib<HAL_Cma3000.obj>       
 UCA0BRW_L                      ../MSP-EXP430F5529_UE.lib<HAL_Cma3000.obj>       
 UCA0CTLW0_H                    ../MSP-EXP430F5529_UE.lib<HAL_Cma3000.obj>       
 UCA0CTLW0_L                    ../MSP-EXP430F5529_UE.lib<HAL_Cma3000.obj>       
 UCA0ICTL_H                     ../MSP-EXP430F5529_UE.lib<HAL_Cma3000.obj>       
 UCA0MCTL                       ../MSP-EXP430F5529_UE.lib<HAL_Cma3000.obj>       
 UCA0RXBUF                      ../MSP-EXP430F5529_UE.lib<HAL_Cma3000.obj>       
 UCA0STAT                       ../MSP-EXP430F5529_UE.lib<HAL_Cma3000.obj>       
 UCA0TXBUF                      ../MSP-EXP430F5529_UE.lib<HAL_Cma3000.obj>       
 UCB1BRW_H                      ../MSP-EXP430F5529_UE.lib<HAL_Dogs102x6.obj>     
 UCB1BRW_L                      ../MSP-EXP430F5529_UE.lib<HAL_Dogs102x6.obj>     
 UCB1CTLW0_H                    ../MSP-EXP430F5529_UE.lib<HAL_Dogs102x6.obj>     
 UCB1CTLW0_L                    ../MSP-EXP430F5529_UE.lib<HAL_Dogs102x6.obj>     
 UCB1ICTL_H                     ../MSP-EXP430F5529_UE.lib<HAL_Dogs102x6.obj>     
 UCB1RXBUF                      ../MSP-EXP430F5529_UE.lib<HAL_Dogs102x6.obj>     
 UCB1STAT                       ../MSP-EXP430F5529_UE.lib<HAL_Dogs102x6.obj>     
 UCB1TXBUF                      ../MSP-EXP430F5529_UE.lib<HAL_Dogs102x6.obj>     
 UCSCTL0                        ../MSP-EXP430F5529_UE.lib<HAL_UCS.obj>           
 UCSCTL1                        ../MSP-EXP430F5529_UE.lib<HAL_UCS.obj>           
 UCSCTL2                        ../MSP-EXP430F5529_UE.lib<HAL_UCS.obj>           
 UCSCTL4                        ../MSP-EXP430F5529_UE.lib<HAL_UCS.obj>           
 UCSCTL6                        ../MSP-EXP430F5529_UE.lib<HAL_UCS.obj>           
 UCSCTL6_L                      ../MSP-EXP430F5529_UE.lib<HAL_UCS.obj>           
 UCSCTL7                        ./lab7.obj                                       
 USBCNF                         ./USB/USB_config/UsbIsr.obj                      
 USBCTL                         ./USB/USB_config/UsbIsr.obj                      
 USBFUNADR                      ../MSP-EXP430F5529_UE.lib<usb.obj>               
 USBIE                          ../MSP-EXP430F5529_UE.lib<usb.obj>               
 USBIEPIE                       ../MSP-EXP430F5529_UE.lib<usb.obj>               
 USBIEPIFG                      ../MSP-EXP430F5529_UE.lib<UsbCdc.obj>            
 USBIFG                         ./USB/USB_config/UsbIsr.obj                      
 USBKEYID                       ./USB/USB_config/UsbIsr.obj                      
 USBOEPIE                       ../MSP-EXP430F5529_UE.lib<usb.obj>               
 USBOEPIFG                      ../MSP-EXP430F5529_UE.lib<UsbMscStateMachine.obj>
 USBPHYCTL                      ../MSP-EXP430F5529_UE.lib<usb.obj>               
 USBPLLCTL                      ./USB/USB_config/UsbIsr.obj                      
 USBPLLDIVB                     ../MSP-EXP430F5529_UE.lib<usb.obj>               
 USBPLLIR                       ../MSP-EXP430F5529_UE.lib<usb.obj>               
 USBPWRCTL                      ./USB/USB_config/UsbIsr.obj                      
 USBVECINT                      ./USB/USB_config/UsbIsr.obj                      
 WDTCTL                         ./system_pre_init.obj                            
 abIEP0Buffer                   ../MSP-EXP430F5529_UE.lib<usb.obj>               
 abOEP0Buffer                   ../MSP-EXP430F5529_UE.lib<usb.obj>               
 tEndPoint0DescriptorBlock      ./USB/USB_config/UsbIsr.obj                      
 tInputEndPointDescriptorBlock  ../MSP-EXP430F5529_UE.lib<UsbCdc.obj>            
 tOutputEndPointDescriptorBlock ../MSP-EXP430F5529_UE.lib<UsbCdc.obj>            
 tSetupPacket                   ./USB/USB_config/UsbIsr.obj                      

error #10234-D: unresolved symbols remain
error #10010: errors encountered during linking; "LAB7.out" not built

gmake: *** [LAB7.out] Error 1
>> Compilation failure
gmake: Target `all' not remade because of errors.

**** Build Finished ****

**** Clean-only build of configuration Debug for project LAB7 ****

D:\develop\MSP430\ccsv5\utils\bin\gmake -k clean 
DEL /F  "LAB7.out"
找不到 D:\develop\MSP430\test\LAB7\Debug\LAB7.out
DEL /F "LAB7main.pp" "lab7.pp" "system_pre_init.pp" "UserExperienceDemo\mouse.pp" "USB\USB_config\UsbIsr.pp" "USB\USB_config\descriptors.pp" "USB\USB_User\UsbMscUser.pp" "USB\USB_User\usbConstructs.pp" "USB\USB_User\usb_eventHandling.pp" 
DEL /F "LAB7main.obj" "lab7.obj" "system_pre_init.obj" "UserExperienceDemo\mouse.obj" "USB\USB_config\UsbIsr.obj" "USB\USB_config\descriptors.obj" "USB\USB_User\UsbMscUser.obj" "USB\USB_User\usbConstructs.obj" "USB\USB_User\usb_eventHandling.obj" 
'Finished clean'
' '

**** Build Finished ****

**** Build of configuration Debug for project LAB7 ****

D:\develop\MSP430\ccsv5\utils\bin\gmake -k all 
'Building file: ../LAB7main.c'
'Invoking: MSP430 Compiler'
"D:/develop/MSP430/ccsv5/tools/compiler/msp430/bin/cl430" -vmspx --abi=coffabi -O0 -g --include_path="D:/develop/MSP430/ccsv5/ccs_base/msp430/include" --include_path="D:/develop/MSP430/ccsv5/tools/compiler/msp430/include" --include_path="D:/develop/MSP430/test/LAB7/F5xx_F6xx_Core_Lib" --include_path="D:/develop/MSP430/test/LAB7/MSP-EXP430F5529_HAL" --include_path="D:/develop/MSP430/test/LAB7/FatFs" --include_path="D:/develop/MSP430/test/LAB7/CTS" --include_path="D:/develop/MSP430/test/LAB7/USB" --include_path="D:/develop/MSP430/test/LAB7/USB/USB_API/USB_CDC_API" --include_path="D:/develop/MSP430/test/LAB7/USB/USB_API/USB_Common" --include_path="D:/develop/MSP430/test/LAB7/USB/USB_API/USB_HID_API" --include_path="D:/develop/MSP430/test/LAB7/USB/USB_User" --include_path="D:/develop/MSP430/test/LAB7/USB/USB_API" --include_path="D:/develop/MSP430/test/LAB7/USB/USB_config" --include_path="D:/develop/MSP430/test/LAB7/UserExperienceDemo" --include_path="D:/develop/MSP430/test/LAB7/UserExperienceDemo/Puzzle" --gcc --define=__MSP430F5529__ --diag_warning=225 --display_error_number --silicon_errata=CPU21 --silicon_errata=CPU22 --silicon_errata=CPU23 --silicon_errata=CPU40 --large_memory_model --printf_support=minimal --preproc_with_compile --preproc_dependency="LAB7main.pp"  "../LAB7main.c"
'Finished building: ../LAB7main.c'
' '
'Building file: ../lab7.c'
'Invoking: MSP430 Compiler'
"D:/develop/MSP430/ccsv5/tools/compiler/msp430/bin/cl430" -vmspx --abi=coffabi -O0 -g --include_path="D:/develop/MSP430/ccsv5/ccs_base/msp430/include" --include_path="D:/develop/MSP430/ccsv5/tools/compiler/msp430/include" --include_path="D:/develop/MSP430/test/LAB7/F5xx_F6xx_Core_Lib" --include_path="D:/develop/MSP430/test/LAB7/MSP-EXP430F5529_HAL" --include_path="D:/develop/MSP430/test/LAB7/FatFs" --include_path="D:/develop/MSP430/test/LAB7/CTS" --include_path="D:/develop/MSP430/test/LAB7/USB" --include_path="D:/develop/MSP430/test/LAB7/USB/USB_API/USB_CDC_API" --include_path="D:/develop/MSP430/test/LAB7/USB/USB_API/USB_Common" --include_path="D:/develop/MSP430/test/LAB7/USB/USB_API/USB_HID_API" --include_path="D:/develop/MSP430/test/LAB7/USB/USB_User" --include_path="D:/develop/MSP430/test/LAB7/USB/USB_API" --include_path="D:/develop/MSP430/test/LAB7/USB/USB_config" --include_path="D:/develop/MSP430/test/LAB7/UserExperienceDemo" --include_path="D:/develop/MSP430/test/LAB7/UserExperienceDemo/Puzzle" --gcc --define=__MSP430F5529__ --diag_warning=225 --display_error_number --silicon_errata=CPU21 --silicon_errata=CPU22 --silicon_errata=CPU23 --silicon_errata=CPU40 --large_memory_model --printf_support=minimal --preproc_with_compile --preproc_dependency="lab7.pp"  "../lab7.c"
"../lab7.c", line 390: warning #179-D: variable "dir" was declared but never referenced
"../lab7.c", line 391: warning #179-D: variable "mineoffset" was declared but never referenced
'Finished building: ../lab7.c'
' '
'Building file: ../system_pre_init.c'
'Invoking: MSP430 Compiler'
"D:/develop/MSP430/ccsv5/tools/compiler/msp430/bin/cl430" -vmspx --abi=coffabi -O0 -g --include_path="D:/develop/MSP430/ccsv5/ccs_base/msp430/include" --include_path="D:/develop/MSP430/ccsv5/tools/compiler/msp430/include" --include_path="D:/develop/MSP430/test/LAB7/F5xx_F6xx_Core_Lib" --include_path="D:/develop/MSP430/test/LAB7/MSP-EXP430F5529_HAL" --include_path="D:/develop/MSP430/test/LAB7/FatFs" --include_path="D:/develop/MSP430/test/LAB7/CTS" --include_path="D:/develop/MSP430/test/LAB7/USB" --include_path="D:/develop/MSP430/test/LAB7/USB/USB_API/USB_CDC_API" --include_path="D:/develop/MSP430/test/LAB7/USB/USB_API/USB_Common" --include_path="D:/develop/MSP430/test/LAB7/USB/USB_API/USB_HID_API" --include_path="D:/develop/MSP430/test/LAB7/USB/USB_User" --include_path="D:/develop/MSP430/test/LAB7/USB/USB_API" --include_path="D:/develop/MSP430/test/LAB7/USB/USB_config" --include_path="D:/develop/MSP430/test/LAB7/UserExperienceDemo" --include_path="D:/develop/MSP430/test/LAB7/UserExperienceDemo/Puzzle" --gcc --define=__MSP430F5529__ --diag_warning=225 --display_error_number --silicon_errata=CPU21 --silicon_errata=CPU22 --silicon_errata=CPU23 --silicon_errata=CPU40 --large_memory_model --printf_support=minimal --preproc_with_compile --preproc_dependency="system_pre_init.pp"  "../system_pre_init.c"
'Finished building: ../system_pre_init.c'
' '
'Building file: ../UserExperienceDemo/mouse.c'
'Invoking: MSP430 Compiler'
"D:/develop/MSP430/ccsv5/tools/compiler/msp430/bin/cl430" -vmspx --abi=coffabi -O0 -g --include_path="D:/develop/MSP430/ccsv5/ccs_base/msp430/include" --include_path="D:/develop/MSP430/ccsv5/tools/compiler/msp430/include" --include_path="D:/develop/MSP430/test/LAB7/F5xx_F6xx_Core_Lib" --include_path="D:/develop/MSP430/test/LAB7/MSP-EXP430F5529_HAL" --include_path="D:/develop/MSP430/test/LAB7/FatFs" --include_path="D:/develop/MSP430/test/LAB7/CTS" --include_path="D:/develop/MSP430/test/LAB7/USB" --include_path="D:/develop/MSP430/test/LAB7/USB/USB_API/USB_CDC_API" --include_path="D:/develop/MSP430/test/LAB7/USB/USB_API/USB_Common" --include_path="D:/develop/MSP430/test/LAB7/USB/USB_API/USB_HID_API" --include_path="D:/develop/MSP430/test/LAB7/USB/USB_User" --include_path="D:/develop/MSP430/test/LAB7/USB/USB_API" --include_path="D:/develop/MSP430/test/LAB7/USB/USB_config" --include_path="D:/develop/MSP430/test/LAB7/UserExperienceDemo" --include_path="D:/develop/MSP430/test/LAB7/UserExperienceDemo/Puzzle" --gcc --define=__MSP430F5529__ --diag_warning=225 --display_error_number --silicon_errata=CPU21 --silicon_errata=CPU22 --silicon_errata=CPU23 --silicon_errata=CPU40 --large_memory_model --printf_support=minimal --preproc_with_compile --preproc_dependency="UserExperienceDemo/mouse.pp" --obj_directory="UserExperienceDemo"  "../UserExperienceDemo/mouse.c"
'Finished building: ../UserExperienceDemo/mouse.c'
' '
'Building file: ../USB/USB_config/UsbIsr.c'
'Invoking: MSP430 Compiler'
"D:/develop/MSP430/ccsv5/tools/compiler/msp430/bin/cl430" -vmspx --abi=coffabi -O0 -g --include_path="D:/develop/MSP430/ccsv5/ccs_base/msp430/include" --include_path="D:/develop/MSP430/ccsv5/tools/compiler/msp430/include" --include_path="D:/develop/MSP430/test/LAB7/F5xx_F6xx_Core_Lib" --include_path="D:/develop/MSP430/test/LAB7/MSP-EXP430F5529_HAL" --include_path="D:/develop/MSP430/test/LAB7/FatFs" --include_path="D:/develop/MSP430/test/LAB7/CTS" --include_path="D:/develop/MSP430/test/LAB7/USB" --include_path="D:/develop/MSP430/test/LAB7/USB/USB_API/USB_CDC_API" --include_path="D:/develop/MSP430/test/LAB7/USB/USB_API/USB_Common" --include_path="D:/develop/MSP430/test/LAB7/USB/USB_API/USB_HID_API" --include_path="D:/develop/MSP430/test/LAB7/USB/USB_User" --include_path="D:/develop/MSP430/test/LAB7/USB/USB_API" --include_path="D:/develop/MSP430/test/LAB7/USB/USB_config" --include_path="D:/develop/MSP430/test/LAB7/UserExperienceDemo" --include_path="D:/develop/MSP430/test/LAB7/UserExperienceDemo/Puzzle" --gcc --define=__MSP430F5529__ --diag_warning=225 --display_error_number --silicon_errata=CPU21 --silicon_errata=CPU22 --silicon_errata=CPU23 --silicon_errata=CPU40 --large_memory_model --printf_support=minimal --preproc_with_compile --preproc_dependency="USB/USB_config/UsbIsr.pp" --obj_directory="USB/USB_config"  "../USB/USB_config/UsbIsr.c"
'Finished building: ../USB/USB_config/UsbIsr.c'
' '
'Building file: ../USB/USB_config/descriptors.c'
'Invoking: MSP430 Compiler'
"D:/develop/MSP430/ccsv5/tools/compiler/msp430/bin/cl430" -vmspx --abi=coffabi -O0 -g --include_path="D:/develop/MSP430/ccsv5/ccs_base/msp430/include" --include_path="D:/develop/MSP430/ccsv5/tools/compiler/msp430/include" --include_path="D:/develop/MSP430/test/LAB7/F5xx_F6xx_Core_Lib" --include_path="D:/develop/MSP430/test/LAB7/MSP-EXP430F5529_HAL" --include_path="D:/develop/MSP430/test/LAB7/FatFs" --include_path="D:/develop/MSP430/test/LAB7/CTS" --include_path="D:/develop/MSP430/test/LAB7/USB" --include_path="D:/develop/MSP430/test/LAB7/USB/USB_API/USB_CDC_API" --include_path="D:/develop/MSP430/test/LAB7/USB/USB_API/USB_Common" --include_path="D:/develop/MSP430/test/LAB7/USB/USB_API/USB_HID_API" --include_path="D:/develop/MSP430/test/LAB7/USB/USB_User" --include_path="D:/develop/MSP430/test/LAB7/USB/USB_API" --include_path="D:/develop/MSP430/test/LAB7/USB/USB_config" --include_path="D:/develop/MSP430/test/LAB7/UserExperienceDemo" --include_path="D:/develop/MSP430/test/LAB7/UserExperienceDemo/Puzzle" --gcc --define=__MSP430F5529__ --diag_warning=225 --display_error_number --silicon_errata=CPU21 --silicon_errata=CPU22 --silicon_errata=CPU23 --silicon_errata=CPU40 --large_memory_model --printf_support=minimal --preproc_with_compile --preproc_dependency="USB/USB_config/descriptors.pp" --obj_directory="USB/USB_config"  "../USB/USB_config/descriptors.c"
'Finished building: ../USB/USB_config/descriptors.c'
' '
'Building file: ../USB/USB_User/UsbMscUser.c'
'Invoking: MSP430 Compiler'
"D:/develop/MSP430/ccsv5/tools/compiler/msp430/bin/cl430" -vmspx --abi=coffabi -O0 -g --include_path="D:/develop/MSP430/ccsv5/ccs_base/msp430/include" --include_path="D:/develop/MSP430/ccsv5/tools/compiler/msp430/include" --include_path="D:/develop/MSP430/test/LAB7/F5xx_F6xx_Core_Lib" --include_path="D:/develop/MSP430/test/LAB7/MSP-EXP430F5529_HAL" --include_path="D:/develop/MSP430/test/LAB7/FatFs" --include_path="D:/develop/MSP430/test/LAB7/CTS" --include_path="D:/develop/MSP430/test/LAB7/USB" --include_path="D:/develop/MSP430/test/LAB7/USB/USB_API/USB_CDC_API" --include_path="D:/develop/MSP430/test/LAB7/USB/USB_API/USB_Common" --include_path="D:/develop/MSP430/test/LAB7/USB/USB_API/USB_HID_API" --include_path="D:/develop/MSP430/test/LAB7/USB/USB_User" --include_path="D:/develop/MSP430/test/LAB7/USB/USB_API" --include_path="D:/develop/MSP430/test/LAB7/USB/USB_config" --include_path="D:/develop/MSP430/test/LAB7/UserExperienceDemo" --include_path="D:/develop/MSP430/test/LAB7/UserExperienceDemo/Puzzle" --gcc --define=__MSP430F5529__ --diag_warning=225 --display_error_number --silicon_errata=CPU21 --silicon_errata=CPU22 --silicon_errata=CPU23 --silicon_errata=CPU40 --large_memory_model --printf_support=minimal --preproc_with_compile --preproc_dependency="USB/USB_User/UsbMscUser.pp" --obj_directory="USB/USB_User"  "../USB/USB_User/UsbMscUser.c"
'Finished building: ../USB/USB_User/UsbMscUser.c'
' '
'Building file: ../USB/USB_User/usbConstructs.c'
'Invoking: MSP430 Compiler'
"D:/develop/MSP430/ccsv5/tools/compiler/msp430/bin/cl430" -vmspx --abi=coffabi -O0 -g --include_path="D:/develop/MSP430/ccsv5/ccs_base/msp430/include" --include_path="D:/develop/MSP430/ccsv5/tools/compiler/msp430/include" --include_path="D:/develop/MSP430/test/LAB7/F5xx_F6xx_Core_Lib" --include_path="D:/develop/MSP430/test/LAB7/MSP-EXP430F5529_HAL" --include_path="D:/develop/MSP430/test/LAB7/FatFs" --include_path="D:/develop/MSP430/test/LAB7/CTS" --include_path="D:/develop/MSP430/test/LAB7/USB" --include_path="D:/develop/MSP430/test/LAB7/USB/USB_API/USB_CDC_API" --include_path="D:/develop/MSP430/test/LAB7/USB/USB_API/USB_Common" --include_path="D:/develop/MSP430/test/LAB7/USB/USB_API/USB_HID_API" --include_path="D:/develop/MSP430/test/LAB7/USB/USB_User" --include_path="D:/develop/MSP430/test/LAB7/USB/USB_API" --include_path="D:/develop/MSP430/test/LAB7/USB/USB_config" --include_path="D:/develop/MSP430/test/LAB7/UserExperienceDemo" --include_path="D:/develop/MSP430/test/LAB7/UserExperienceDemo/Puzzle" --gcc --define=__MSP430F5529__ --diag_warning=225 --display_error_number --silicon_errata=CPU21 --silicon_errata=CPU22 --silicon_errata=CPU23 --silicon_errata=CPU40 --large_memory_model --printf_support=minimal --preproc_with_compile --preproc_dependency="USB/USB_User/usbConstructs.pp" --obj_directory="USB/USB_User"  "../USB/USB_User/usbConstructs.c"
'Finished building: ../USB/USB_User/usbConstructs.c'
' '
'Building file: ../USB/USB_User/usb_eventHandling.c'
'Invoking: MSP430 Compiler'
"D:/develop/MSP430/ccsv5/tools/compiler/msp430/bin/cl430" -vmspx --abi=coffabi -O0 -g --include_path="D:/develop/MSP430/ccsv5/ccs_base/msp430/include" --include_path="D:/develop/MSP430/ccsv5/tools/compiler/msp430/include" --include_path="D:/develop/MSP430/test/LAB7/F5xx_F6xx_Core_Lib" --include_path="D:/develop/MSP430/test/LAB7/MSP-EXP430F5529_HAL" --include_path="D:/develop/MSP430/test/LAB7/FatFs" --include_path="D:/develop/MSP430/test/LAB7/CTS" --include_path="D:/develop/MSP430/test/LAB7/USB" --include_path="D:/develop/MSP430/test/LAB7/USB/USB_API/USB_CDC_API" --include_path="D:/develop/MSP430/test/LAB7/USB/USB_API/USB_Common" --include_path="D:/develop/MSP430/test/LAB7/USB/USB_API/USB_HID_API" --include_path="D:/develop/MSP430/test/LAB7/USB/USB_User" --include_path="D:/develop/MSP430/test/LAB7/USB/USB_API" --include_path="D:/develop/MSP430/test/LAB7/USB/USB_config" --include_path="D:/develop/MSP430/test/LAB7/UserExperienceDemo" --include_path="D:/develop/MSP430/test/LAB7/UserExperienceDemo/Puzzle" --gcc --define=__MSP430F5529__ --diag_warning=225 --display_error_number --silicon_errata=CPU21 --silicon_errata=CPU22 --silicon_errata=CPU23 --silicon_errata=CPU40 --large_memory_model --printf_support=minimal --preproc_with_compile --preproc_dependency="USB/USB_User/usb_eventHandling.pp" --obj_directory="USB/USB_User"  "../USB/USB_User/usb_eventHandling.c"
'Finished building: ../USB/USB_User/usb_eventHandling.c'
' '
'Building target: LAB7.out'
'Invoking: MSP430 Linker'
"D:/develop/MSP430/ccsv5/tools/compiler/msp430/bin/cl430" -vmspx --abi=coffabi -O0 -g --gcc --define=__MSP430F5529__ --diag_warning=225 --display_error_number --silicon_errata=CPU21 --silicon_errata=CPU22 --silicon_errata=CPU23 --silicon_errata=CPU40 --large_memory_model --printf_support=minimal -z -m"LAB7.map" --stack_size=160 --heap_size=160 --use_hw_mpy=F5 -i"D:/develop/MSP430/ccsv5/ccs_base/msp430/include" -i"D:/develop/MSP430/ccsv5/tools/compiler/msp430/lib" -i"D:/develop/MSP430/ccsv5/tools/compiler/msp430/include" --reread_libs --warn_sections --undef_sym=iUsbInterruptHandler --rom_model -o "LAB7.out"  "./USB/USB_User/usb_eventHandling.obj" "./USB/USB_User/usbConstructs.obj" "./USB/USB_User/UsbMscUser.obj" "./USB/USB_config/descriptors.obj" "./USB/USB_config/UsbIsr.obj" "./UserExperienceDemo/mouse.obj" "./system_pre_init.obj" "./lab7.obj" "./LAB7main.obj" -l"libc.a" "../MSP-EXP430F5529_UE.lib" "../lnk_msp430f5529.cmd" "../lnk_msp430f5529_USB.cmd" "../rts430xl.lib" 
<Linking>
'Finished building target: LAB7.out'
' '

**** Build Finished ****
