
**** Build of configuration Debug for project LAB7 ****

D:\develop\MSP430\ccsv5\utils\bin\gmake -k all 
'Building file: ../LAB7main.c'
'Invoking: MSP430 Compiler'
"D:/develop/MSP430/ccsv5/tools/compiler/msp430/bin/cl430" -vmspx --abi=coffabi -O0 -g --include_path="D:/develop/MSP430/ccsv5/ccs_base/msp430/include" --include_path="D:/develop/MSP430/ccsv5/tools/compiler/msp430/include" --include_path="D:/develop/MSP430/test/LAB7/F5xx_F6xx_Core_Lib" --include_path="D:/develop/MSP430/test/LAB7/MSP-EXP430F5529_HAL" --include_path="D:/develop/MSP430/test/LAB7/FatFs" --include_path="D:/develop/MSP430/test/LAB7/CTS" --include_path="D:/develop/MSP430/test/LAB7/USB" --include_path="D:/develop/MSP430/test/LAB7/USB/USB_API/USB_CDC_API" --include_path="D:/develop/MSP430/test/LAB7/USB/USB_API/USB_Common" --include_path="D:/develop/MSP430/test/LAB7/USB/USB_API/USB_HID_API" --include_path="D:/develop/MSP430/test/LAB7/USB/USB_User" --include_path="D:/develop/MSP430/test/LAB7/USB/USB_API" --include_path="D:/develop/MSP430/test/LAB7/USB/USB_config" --include_path="D:/develop/MSP430/test/LAB7/UserExperienceDemo" --include_path="D:/develop/MSP430/test/LAB7/UserExperienceDemo/Puzzle" --gcc --define=__MSP430F5529__ --diag_warning=225 --display_error_number --silicon_errata=CPU21 --silicon_errata=CPU22 --silicon_errata=CPU23 --silicon_errata=CPU40 --large_memory_model --printf_support=minimal --preproc_with_compile --preproc_dependency="LAB7main.pp"  "../LAB7main.c"
'Finished building: ../LAB7main.c'
' '
'Building file: ../lab7.c'
'Invoking: MSP430 Compiler'
"D:/develop/MSP430/ccsv5/tools/compiler/msp430/bin/cl430" -vmspx --abi=coffabi -O0 -g --include_path="D:/develop/MSP430/ccsv5/ccs_base/msp430/include" --include_path="D:/develop/MSP430/ccsv5/tools/compiler/msp430/include" --include_path="D:/develop/MSP430/test/LAB7/F5xx_F6xx_Core_Lib" --include_path="D:/develop/MSP430/test/LAB7/MSP-EXP430F5529_HAL" --include_path="D:/develop/MSP430/test/LAB7/FatFs" --include_path="D:/develop/MSP430/test/LAB7/CTS" --include_path="D:/develop/MSP430/test/LAB7/USB" --include_path="D:/develop/MSP430/test/LAB7/USB/USB_API/USB_CDC_API" --include_path="D:/develop/MSP430/test/LAB7/USB/USB_API/USB_Common" --include_path="D:/develop/MSP430/test/LAB7/USB/USB_API/USB_HID_API" --include_path="D:/develop/MSP430/test/LAB7/USB/USB_User" --include_path="D:/develop/MSP430/test/LAB7/USB/USB_API" --include_path="D:/develop/MSP430/test/LAB7/USB/USB_config" --include_path="D:/develop/MSP430/test/LAB7/UserExperienceDemo" --include_path="D:/develop/MSP430/test/LAB7/UserExperienceDemo/Puzzle" --gcc --define=__MSP430F5529__ --diag_warning=225 --display_error_number --silicon_errata=CPU21 --silicon_errata=CPU22 --silicon_errata=CPU23 --silicon_errata=CPU40 --large_memory_model --printf_support=minimal --preproc_with_compile --preproc_dependency="lab7.pp"  "../lab7.c"
"../lab7.c", line 390: warning #179-D: variable "dir" was declared but never referenced
"../lab7.c", line 391: warning #179-D: variable "mineoffset" was declared but never referenced
'Finished building: ../lab7.c'
' '
'Building file: ../system_pre_init.c'
'Invoking: MSP430 Compiler'
"D:/develop/MSP430/ccsv5/tools/compiler/msp430/bin/cl430" -vmspx --abi=coffabi -O0 -g --include_path="D:/develop/MSP430/ccsv5/ccs_base/msp430/include" --include_path="D:/develop/MSP430/ccsv5/tools/compiler/msp430/include" --include_path="D:/develop/MSP430/test/LAB7/F5xx_F6xx_Core_Lib" --include_path="D:/develop/MSP430/test/LAB7/MSP-EXP430F5529_HAL" --include_path="D:/develop/MSP430/test/LAB7/FatFs" --include_path="D:/develop/MSP430/test/LAB7/CTS" --include_path="D:/develop/MSP430/test/LAB7/USB" --include_path="D:/develop/MSP430/test/LAB7/USB/USB_API/USB_CDC_API" --include_path="D:/develop/MSP430/test/LAB7/USB/USB_API/USB_Common" --include_path="D:/develop/MSP430/test/LAB7/USB/USB_API/USB_HID_API" --include_path="D:/develop/MSP430/test/LAB7/USB/USB_User" --include_path="D:/develop/MSP430/test/LAB7/USB/USB_API" --include_path="D:/develop/MSP430/test/LAB7/USB/USB_config" --include_path="D:/develop/MSP430/test/LAB7/UserExperienceDemo" --include_path="D:/develop/MSP430/test/LAB7/UserExperienceDemo/Puzzle" --gcc --define=__MSP430F5529__ --diag_warning=225 --display_error_number --silicon_errata=CPU21 --silicon_errata=CPU22 --silicon_errata=CPU23 --silicon_errata=CPU40 --large_memory_model --printf_support=minimal --preproc_with_compile --preproc_dependency="system_pre_init.pp"  "../system_pre_init.c"
'Finished building: ../system_pre_init.c'
' '
'Building file: ../UserExperienceDemo/mouse.c'
'Invoking: MSP430 Compiler'
"D:/develop/MSP430/ccsv5/tools/compiler/msp430/bin/cl430" -vmspx --abi=coffabi -O0 -g --include_path="D:/develop/MSP430/ccsv5/ccs_base/msp430/include" --include_path="D:/develop/MSP430/ccsv5/tools/compiler/msp430/include" --include_path="D:/develop/MSP430/test/LAB7/F5xx_F6xx_Core_Lib" --include_path="D:/develop/MSP430/test/LAB7/MSP-EXP430F5529_HAL" --include_path="D:/develop/MSP430/test/LAB7/FatFs" --include_path="D:/develop/MSP430/test/LAB7/CTS" --include_path="D:/develop/MSP430/test/LAB7/USB" --include_path="D:/develop/MSP430/test/LAB7/USB/USB_API/USB_CDC_API" --include_path="D:/develop/MSP430/test/LAB7/USB/USB_API/USB_Common" --include_path="D:/develop/MSP430/test/LAB7/USB/USB_API/USB_HID_API" --include_path="D:/develop/MSP430/test/LAB7/USB/USB_User" --include_path="D:/develop/MSP430/test/LAB7/USB/USB_API" --include_path="D:/develop/MSP430/test/LAB7/USB/USB_config" --include_path="D:/develop/MSP430/test/LAB7/UserExperienceDemo" --include_path="D:/develop/MSP430/test/LAB7/UserExperienceDemo/Puzzle" --gcc --define=__MSP430F5529__ --diag_warning=225 --display_error_number --silicon_errata=CPU21 --silicon_errata=CPU22 --silicon_errata=CPU23 --silicon_errata=CPU40 --large_memory_model --printf_support=minimal --preproc_with_compile --preproc_dependency="UserExperienceDemo/mouse.pp" --obj_directory="UserExperienceDemo"  "../UserExperienceDemo/mouse.c"
'Finished building: ../UserExperienceDemo/mouse.c'
' '
'Building file: ../USB/USB_config/UsbIsr.c'
'Invoking: MSP430 Compiler'
"D:/develop/MSP430/ccsv5/tools/compiler/msp430/bin/cl430" -vmspx --abi=coffabi -O0 -g --include_path="D:/develop/MSP430/ccsv5/ccs_base/msp430/include" --include_path="D:/develop/MSP430/ccsv5/tools/compiler/msp430/include" --include_path="D:/develop/MSP430/test/LAB7/F5xx_F6xx_Core_Lib" --include_path="D:/develop/MSP430/test/LAB7/MSP-EXP430F5529_HAL" --include_path="D:/develop/MSP430/test/LAB7/FatFs" --include_path="D:/develop/MSP430/test/LAB7/CTS" --include_path="D:/develop/MSP430/test/LAB7/USB" --include_path="D:/develop/MSP430/test/LAB7/USB/USB_API/USB_CDC_API" --include_path="D:/develop/MSP430/test/LAB7/USB/USB_API/USB_Common" --include_path="D:/develop/MSP430/test/LAB7/USB/USB_API/USB_HID_API" --include_path="D:/develop/MSP430/test/LAB7/USB/USB_User" --include_path="D:/develop/MSP430/test/LAB7/USB/USB_API" --include_path="D:/develop/MSP430/test/LAB7/USB/USB_config" --include_path="D:/develop/MSP430/test/LAB7/UserExperienceDemo" --include_path="D:/develop/MSP430/test/LAB7/UserExperienceDemo/Puzzle" --gcc --define=__MSP430F5529__ --diag_warning=225 --display_error_number --silicon_errata=CPU21 --silicon_errata=CPU22 --silicon_errata=CPU23 --silicon_errata=CPU40 --large_memory_model --printf_support=minimal --preproc_with_compile --preproc_dependency="USB/USB_config/UsbIsr.pp" --obj_directory="USB/USB_config"  "../USB/USB_config/UsbIsr.c"
'Finished building: ../USB/USB_config/UsbIsr.c'
' '
'Building file: ../USB/USB_config/descriptors.c'
'Invoking: MSP430 Compiler'
"D:/develop/MSP430/ccsv5/tools/compiler/msp430/bin/cl430" -vmspx --abi=coffabi -O0 -g --include_path="D:/develop/MSP430/ccsv5/ccs_base/msp430/include" --include_path="D:/develop/MSP430/ccsv5/tools/compiler/msp430/include" --include_path="D:/develop/MSP430/test/LAB7/F5xx_F6xx_Core_Lib" --include_path="D:/develop/MSP430/test/LAB7/MSP-EXP430F5529_HAL" --include_path="D:/develop/MSP430/test/LAB7/FatFs" --include_path="D:/develop/MSP430/test/LAB7/CTS" --include_path="D:/develop/MSP430/test/LAB7/USB" --include_path="D:/develop/MSP430/test/LAB7/USB/USB_API/USB_CDC_API" --include_path="D:/develop/MSP430/test/LAB7/USB/USB_API/USB_Common" --include_path="D:/develop/MSP430/test/LAB7/USB/USB_API/USB_HID_API" --include_path="D:/develop/MSP430/test/LAB7/USB/USB_User" --include_path="D:/develop/MSP430/test/LAB7/USB/USB_API" --include_path="D:/develop/MSP430/test/LAB7/USB/USB_config" --include_path="D:/develop/MSP430/test/LAB7/UserExperienceDemo" --include_path="D:/develop/MSP430/test/LAB7/UserExperienceDemo/Puzzle" --gcc --define=__MSP430F5529__ --diag_warning=225 --display_error_number --silicon_errata=CPU21 --silicon_errata=CPU22 --silicon_errata=CPU23 --silicon_errata=CPU40 --large_memory_model --printf_support=minimal --preproc_with_compile --preproc_dependency="USB/USB_config/descriptors.pp" --obj_directory="USB/USB_config"  "../USB/USB_config/descriptors.c"
'Finished building: ../USB/USB_config/descriptors.c'
' '
'Building file: ../USB/USB_User/UsbMscUser.c'
'Invoking: MSP430 Compiler'
"D:/develop/MSP430/ccsv5/tools/compiler/msp430/bin/cl430" -vmspx --abi=coffabi -O0 -g --include_path="D:/develop/MSP430/ccsv5/ccs_base/msp430/include" --include_path="D:/develop/MSP430/ccsv5/tools/compiler/msp430/include" --include_path="D:/develop/MSP430/test/LAB7/F5xx_F6xx_Core_Lib" --include_path="D:/develop/MSP430/test/LAB7/MSP-EXP430F5529_HAL" --include_path="D:/develop/MSP430/test/LAB7/FatFs" --include_path="D:/develop/MSP430/test/LAB7/CTS" --include_path="D:/develop/MSP430/test/LAB7/USB" --include_path="D:/develop/MSP430/test/LAB7/USB/USB_API/USB_CDC_API" --include_path="D:/develop/MSP430/test/LAB7/USB/USB_API/USB_Common" --include_path="D:/develop/MSP430/test/LAB7/USB/USB_API/USB_HID_API" --include_path="D:/develop/MSP430/test/LAB7/USB/USB_User" --include_path="D:/develop/MSP430/test/LAB7/USB/USB_API" --include_path="D:/develop/MSP430/test/LAB7/USB/USB_config" --include_path="D:/develop/MSP430/test/LAB7/UserExperienceDemo" --include_path="D:/develop/MSP430/test/LAB7/UserExperienceDemo/Puzzle" --gcc --define=__MSP430F5529__ --diag_warning=225 --display_error_number --silicon_errata=CPU21 --silicon_errata=CPU22 --silicon_errata=CPU23 --silicon_errata=CPU40 --large_memory_model --printf_support=minimal --preproc_with_compile --preproc_dependency="USB/USB_User/UsbMscUser.pp" --obj_directory="USB/USB_User"  "../USB/USB_User/UsbMscUser.c"
'Finished building: ../USB/USB_User/UsbMscUser.c'
' '
'Building file: ../USB/USB_User/usbConstructs.c'
'Invoking: MSP430 Compiler'
"D:/develop/MSP430/ccsv5/tools/compiler/msp430/bin/cl430" -vmspx --abi=coffabi -O0 -g --include_path="D:/develop/MSP430/ccsv5/ccs_base/msp430/include" --include_path="D:/develop/MSP430/ccsv5/tools/compiler/msp430/include" --include_path="D:/develop/MSP430/test/LAB7/F5xx_F6xx_Core_Lib" --include_path="D:/develop/MSP430/test/LAB7/MSP-EXP430F5529_HAL" --include_path="D:/develop/MSP430/test/LAB7/FatFs" --include_path="D:/develop/MSP430/test/LAB7/CTS" --include_path="D:/develop/MSP430/test/LAB7/USB" --include_path="D:/develop/MSP430/test/LAB7/USB/USB_API/USB_CDC_API" --include_path="D:/develop/MSP430/test/LAB7/USB/USB_API/USB_Common" --include_path="D:/develop/MSP430/test/LAB7/USB/USB_API/USB_HID_API" --include_path="D:/develop/MSP430/test/LAB7/USB/USB_User" --include_path="D:/develop/MSP430/test/LAB7/USB/USB_API" --include_path="D:/develop/MSP430/test/LAB7/USB/USB_config" --include_path="D:/develop/MSP430/test/LAB7/UserExperienceDemo" --include_path="D:/develop/MSP430/test/LAB7/UserExperienceDemo/Puzzle" --gcc --define=__MSP430F5529__ --diag_warning=225 --display_error_number --silicon_errata=CPU21 --silicon_errata=CPU22 --silicon_errata=CPU23 --silicon_errata=CPU40 --large_memory_model --printf_support=minimal --preproc_with_compile --preproc_dependency="USB/USB_User/usbConstructs.pp" --obj_directory="USB/USB_User"  "../USB/USB_User/usbConstructs.c"
'Finished building: ../USB/USB_User/usbConstructs.c'
' '
'Building file: ../USB/USB_User/usb_eventHandling.c'
'Invoking: MSP430 Compiler'
"D:/develop/MSP430/ccsv5/tools/compiler/msp430/bin/cl430" -vmspx --abi=coffabi -O0 -g --include_path="D:/develop/MSP430/ccsv5/ccs_base/msp430/include" --include_path="D:/develop/MSP430/ccsv5/tools/compiler/msp430/include" --include_path="D:/develop/MSP430/test/LAB7/F5xx_F6xx_Core_Lib" --include_path="D:/develop/MSP430/test/LAB7/MSP-EXP430F5529_HAL" --include_path="D:/develop/MSP430/test/LAB7/FatFs" --include_path="D:/develop/MSP430/test/LAB7/CTS" --include_path="D:/develop/MSP430/test/LAB7/USB" --include_path="D:/develop/MSP430/test/LAB7/USB/USB_API/USB_CDC_API" --include_path="D:/develop/MSP430/test/LAB7/USB/USB_API/USB_Common" --include_path="D:/develop/MSP430/test/LAB7/USB/USB_API/USB_HID_API" --include_path="D:/develop/MSP430/test/LAB7/USB/USB_User" --include_path="D:/develop/MSP430/test/LAB7/USB/USB_API" --include_path="D:/develop/MSP430/test/LAB7/USB/USB_config" --include_path="D:/develop/MSP430/test/LAB7/UserExperienceDemo" --include_path="D:/develop/MSP430/test/LAB7/UserExperienceDemo/Puzzle" --gcc --define=__MSP430F5529__ --diag_warning=225 --display_error_number --silicon_errata=CPU21 --silicon_errata=CPU22 --silicon_errata=CPU23 --silicon_errata=CPU40 --large_memory_model --printf_support=minimal --preproc_with_compile --preproc_dependency="USB/USB_User/usb_eventHandling.pp" --obj_directory="USB/USB_User"  "../USB/USB_User/usb_eventHandling.c"
'Finished building: ../USB/USB_User/usb_eventHandling.c'
' '
'Building target: LAB7.out'
'Invoking: MSP430 Linker'
"D:/develop/MSP430/ccsv5/tools/compiler/msp430/bin/cl430" -vmspx --abi=coffabi -O0 -g --gcc --define=__MSP430F5529__ --diag_warning=225 --display_error_number --silicon_errata=CPU21 --silicon_errata=CPU22 --silicon_errata=CPU23 --silicon_errata=CPU40 --large_memory_model --printf_support=minimal -z -m"LAB7.map" --stack_size=160 --heap_size=160 --use_hw_mpy=F5 -i"D:/develop/MSP430/ccsv5/ccs_base/msp430/include" -i"D:/develop/MSP430/ccsv5/tools/compiler/msp430/lib" -i"D:/develop/MSP430/ccsv5/tools/compiler/msp430/include" --reread_libs --warn_sections --undef_sym=iUsbInterruptHandler --rom_model -o "LAB7.out"  "./USB/USB_User/usb_eventHandling.obj" "./USB/USB_User/usbConstructs.obj" "./USB/USB_User/UsbMscUser.obj" "./USB/USB_config/descriptors.obj" "./USB/USB_config/UsbIsr.obj" "./UserExperienceDemo/mouse.obj" "./system_pre_init.obj" "./lab7.obj" "./LAB7main.obj" -l"libc.a" "../MSP-EXP430F5529_UE.lib" "../lnk_msp430f5529.cmd" "../lnk_msp430f5529_USB.cmd" "../rts430xl.lib" 
<Linking>
'Finished building target: LAB7.out'
' '

**** Build Finished ****
